<?xml version="1.0" encoding="UTF-8"?>
<!-- Generated by org.testng.reporters.JUnitReportReporter -->
<testsuite hostname="DESKTOP-PNUJ0D3" failures="0" tests="1" name="TestMethods.BearerTokenAuth2" time="4.353" errors="0" timestamp="20 Jan 2021 02:52:19 GMT" skipped="0">
  <testcase classname="TestMethods.BearerTokenAuth2" name="getMethod" time="4.353"/>
</testsuite> <!-- TestMethods.BearerTokenAuth2 -->
