<?xml version="1.0" encoding="UTF-8"?>
<!-- Generated by org.testng.reporters.JUnitReportReporter -->
<testsuite hostname="DESKTOP-PNUJ0D3" failures="0" tests="1" name="TestMethods.BasicAuth" time="4.853" errors="0" timestamp="20 Jan 2021 02:35:03 GMT" skipped="0">
  <testcase classname="TestMethods.BasicAuth" name="getMethod" time="4.853"/>
</testsuite> <!-- TestMethods.BasicAuth -->
