<?xml version="1.0" encoding="UTF-8"?>
<!-- Generated by org.testng.reporters.JUnitReportReporter -->
<testsuite hostname="DESKTOP-PNUJ0D3" failures="0" tests="1" name="TestMethods.APITokenAuth" time="3.730" errors="0" timestamp="28 Jan 2021 02:27:33 GMT" skipped="0">
  <testcase classname="TestMethods.APITokenAuth" name="getMethod" time="3.730"/>
</testsuite> <!-- TestMethods.APITokenAuth -->
