<?xml version="1.0" encoding="UTF-8"?>
<!-- Generated by org.testng.reporters.JUnitReportReporter -->
<testsuite hostname="DESKTOP-PNUJ0D3" failures="0" tests="1" name="TestMethods.GetMethod" time="9.869" errors="0" timestamp="05 Dec 2020 12:45:39 GMT" skipped="0">
  <testcase classname="TestMethods.GetMethod" name="getMethod" time="9.869"/>
</testsuite> <!-- TestMethods.GetMethod -->
