<?xml version="1.0" encoding="UTF-8"?>
<!-- Generated by org.testng.reporters.JUnitReportReporter -->
<testsuite hostname="DESKTOP-PNUJ0D3" failures="0" tests="1" name="TestMethods.PostMethod" time="0.058" errors="0" timestamp="16 Feb 2021 00:43:29 GMT" skipped="0">
  <testcase classname="TestMethods.PostMethod" name="postMethod" time="0.058"/>
</testsuite> <!-- TestMethods.PostMethod -->
